<?xml version="1.0" encoding="UTF-8"?>
<testsuites>
    <testsuite name="force.apex" timestamp="2019-03-10T21:24:08-04:00" hostname="https://jessicorp-project2-dev-ed.my.salesforce.com" tests="1" failures="0"  errors="0"  time="0.77">
        <properties>
            <property name="outcome" value="Passed"/>
            <property name="testsRan" value="1"/>
            <property name="passing" value="1"/>
            <property name="failing" value="0"/>
            <property name="skipped" value="0"/>
            <property name="passRate" value="100%"/>
            <property name="failRate" value="0%"/>
            <property name="testStartTime" value="Mar 10, 2019 9:24 PM"/>
            <property name="testExecutionTime" value="0.77 s"/>
            <property name="testTotalTime" value="0.77 s"/>
            <property name="commandTime" value="4.54 s"/>
            <property name="hostname" value="https://jessicorp-project2-dev-ed.my.salesforce.com"/>
            <property name="orgId" value="00D1U0000012YDcUAM"/>
            <property name="username" value="jakeira11@jessicorp.com"/>
            <property name="testRunId" value="7071U00000XRAog"/>
            <property name="userId" value="0051U000003emEkQAI"/>
        </properties>
        <testcase name="doTest" classname="MyPolicyCtrlTest" time="0.77">
        </testcase>
    </testsuite>
</testsuites>
